# JRE version: OpenJDK Runtime Environment (17.0.6) (build 17.0.6+0-b2043.56-10027231)
# Java VM: OpenJDK 64-Bit Server VM (17.0.6+0-b2043.56-10027231, mixed mode, tiered, compressed oops, compressed class ptrs, g1 gc, windows-amd64)
GC Precious Log:
 CPUs: 4 total, 4 available
 Memory: 8104M
 Large Page Support: Disabled
 NUMA Support: Disabled
 Compressed Oops: Enabled (32-bit)
 Heap Region Size: 1M
 Heap Min Capacity: 8M
 Heap Initial Capacity: 128M
 Heap Max Capacity: 2G
 Pre-touch: Disabled
 Parallel Workers: 4
 Concurrent Workers: 1
 Concurrent Refinement Workers: 4
 Periodic GC: Disabled
Heap:
 garbage-first heap   total 140288K, used 90860K [0x0000000080000000, 0x0000000100000000)
  region size 1024K, 4 young (4096K), 4 survivors (4096K)
 Metaspace       used 98080K, committed 98944K, reserved 1138688K
  class space    used 13538K, committed 13952K, reserved 1048576K
GC Heap History (20 events):
Event: 146.694 GC heap after
{Heap after GC invocations=60 (full 0):
 garbage-first heap   total 122880K, used 68846K [0x0000000080000000, 0x0000000100000000)
  region size 1024K, 1 young (1024K), 1 survivors (1024K)
 Metaspace       used 84133K, committed 84736K, reserved 1122304K
  class space    used 11443K, committed 11712K, reserved 1048576K
}
Event: 156.503 GC heap before
{Heap before GC invocations=60 (full 0):
 garbage-first heap   total 122880K, used 100590K [0x0000000080000000, 0x0000000100000000)
  region size 1024K, 32 young (32768K), 1 survivors (1024K)
 Metaspace       used 86526K, committed 87104K, reserved 1130496K
  class space    used 11808K, committed 12096K, reserved 1048576K
}
Event: 156.509 GC heap after
{Heap after GC invocations=61 (full 0):
 garbage-first heap   total 122880K, used 70442K [0x0000000080000000, 0x0000000100000000)
  region size 1024K, 2 young (2048K), 2 survivors (2048K)
 Metaspace       used 86526K, committed 87104K, reserved 1130496K
  class space    used 11808K, committed 12096K, reserved 1048576K
}
Event: 158.075 GC heap before
{Heap before GC invocations=62 (full 0):
 garbage-first heap   total 135168K, used 101162K [0x0000000080000000, 0x0000000100000000)
  region size 1024K, 32 young (32768K), 2 survivors (2048K)
 Metaspace       used 87327K, committed 87872K, reserved 1130496K
  class space    used 11940K, committed 12224K, reserved 1048576K
}
Event: 158.087 GC heap after
{Heap after GC invocations=63 (full 0):
 garbage-first heap   total 135168K, used 73118K [0x0000000080000000, 0x0000000100000000)
  region size 1024K, 4 young (4096K), 4 survivors (4096K)
 Metaspace       used 87327K, committed 87872K, reserved 1130496K
  class space    used 11940K, committed 12224K, reserved 1048576K
}
Event: 158.094 GC heap before
{Heap before GC invocations=63 (full 0):
 garbage-first heap   total 135168K, used 75166K [0x0000000080000000, 0x0000000100000000)
  region size 1024K, 6 young (6144K), 4 survivors (4096K)
 Metaspace       used 87327K, committed 87872K, reserved 1130496K
  class space    used 11940K, committed 12224K, reserved 1048576K
}
Event: 158.104 GC heap after
{Heap after GC invocations=64 (full 0):
 garbage-first heap   total 135168K, used 73194K [0x0000000080000000, 0x0000000100000000)
  region size 1024K, 1 young (1024K), 1 survivors (1024K)
 Metaspace       used 87327K, committed 87872K, reserved 1130496K
  class space    used 11940K, committed 12224K, reserved 1048576K
}
Event: 160.566 GC heap before
{Heap before GC invocations=64 (full 0):
 garbage-first heap   total 135168K, used 111082K [0x0000000080000000, 0x0000000100000000)
  region size 1024K, 38 young (38912K), 1 survivors (1024K)
 Metaspace       used 89888K, committed 90496K, reserved 1130496K
  class space    used 12316K, committed 12608K, reserved 1048576K
}
Event: 160.574 GC heap after
{Heap after GC invocations=65 (full 0):
 garbage-first heap   total 135168K, used 75434K [0x0000000080000000, 0x0000000100000000)
  region size 1024K, 3 young (3072K), 3 survivors (3072K)
 Metaspace       used 89888K, committed 90496K, reserved 1130496K
  class space    used 12316K, committed 12608K, reserved 1048576K
}
Event: 162.730 GC heap before
{Heap before GC invocations=66 (full 0):
 garbage-first heap   total 138240K, used 111274K [0x0000000080000000, 0x0000000100000000)
  region size 1024K, 38 young (38912K), 3 survivors (3072K)
 Metaspace       used 92778K, committed 93440K, reserved 1130496K
  class space    used 12780K, committed 13120K, reserved 1048576K
}
Event: 162.742 GC heap after
{Heap after GC invocations=67 (full 0):
 garbage-first heap   total 138240K, used 77138K [0x0000000080000000, 0x0000000100000000)
  region size 1024K, 2 young (2048K), 2 survivors (2048K)
 Metaspace       used 92778K, committed 93440K, reserved 1130496K
  class space    used 12780K, committed 13120K, reserved 1048576K
}
Event: 162.978 GC heap before
{Heap before GC invocations=67 (full 0):
 garbage-first heap   total 138240K, used 81234K [0x0000000080000000, 0x0000000100000000)
  region size 1024K, 6 young (6144K), 2 survivors (2048K)
 Metaspace       used 93084K, committed 93760K, reserved 1130496K
  class space    used 12825K, committed 13184K, reserved 1048576K
}
Event: 162.984 GC heap after
{Heap after GC invocations=68 (full 0):
 garbage-first heap   total 138240K, used 77239K [0x0000000080000000, 0x0000000100000000)
  region size 1024K, 1 young (1024K), 1 survivors (1024K)
 Metaspace       used 93084K, committed 93760K, reserved 1130496K
  class space    used 12825K, committed 13184K, reserved 1048576K
}
Event: 164.733 GC heap before
{Heap before GC invocations=68 (full 0):
 garbage-first heap   total 138240K, used 115127K [0x0000000080000000, 0x0000000100000000)
  region size 1024K, 38 young (38912K), 1 survivors (1024K)
 Metaspace       used 96076K, committed 96832K, reserved 1138688K
  class space    used 13223K, committed 13568K, reserved 1048576K
}
Event: 164.742 GC heap after
{Heap after GC invocations=69 (full 0):
 garbage-first heap   total 138240K, used 80151K [0x0000000080000000, 0x0000000100000000)
  region size 1024K, 4 young (4096K), 4 survivors (4096K)
 Metaspace       used 96076K, committed 96832K, reserved 1138688K
  class space    used 13223K, committed 13568K, reserved 1048576K
}
Event: 165.376 GC heap before
{Heap before GC invocations=70 (full 0):
 garbage-first heap   total 140288K, used 114967K [0x0000000080000000, 0x0000000100000000)
  region size 1024K, 38 young (38912K), 4 survivors (4096K)
 Metaspace       used 96385K, committed 97088K, reserved 1138688K
  class space    used 13252K, committed 13568K, reserved 1048576K
}
Event: 165.392 GC heap after
{Heap after GC invocations=71 (full 0):
 garbage-first heap   total 140288K, used 85903K [0x0000000080000000, 0x0000000100000000)
  region size 1024K, 5 young (5120K), 5 survivors (5120K)
 Metaspace       used 96385K, committed 97088K, reserved 1138688K
  class space    used 13252K, committed 13568K, reserved 1048576K
}
Event: 165.400 GC heap before
{Heap before GC invocations=71 (full 0):
 garbage-first heap   total 140288K, used 86927K [0x0000000080000000, 0x0000000100000000)
  region size 1024K, 6 young (6144K), 5 survivors (5120K)
 Metaspace       used 96386K, committed 97088K, reserved 1138688K
  class space    used 13252K, committed 13568K, reserved 1048576K
}
Event: 165.415 GC heap after
{Heap after GC invocations=72 (full 0):
 garbage-first heap   total 140288K, used 86434K [0x0000000080000000, 0x0000000100000000)
  region size 1024K, 1 young (1024K), 1 survivors (1024K)
 Metaspace       used 96386K, committed 97088K, reserved 1138688K
  class space    used 13252K, committed 13568K, reserved 1048576K
}
Event: 171.273 GC heap before
{Heap before GC invocations=72 (full 0):
 garbage-first heap   total 140288K, used 114082K [0x0000000080000000, 0x0000000100000000)
  region size 1024K, 29 young (29696K), 1 survivors (1024K)
 Metaspace       used 98080K, committed 98944K, reserved 1138688K
  class space    used 13538K, committed 13952K, reserved 1048576K
}

