# JRE version: OpenJDK Runtime Environment (17.0.6) (build 17.0.6+0-b2043.56-10027231)
# Java VM: OpenJDK 64-Bit Server VM (17.0.6+0-b2043.56-10027231, mixed mode, tiered, compressed oops, compressed class ptrs, g1 gc, windows-amd64)
GC Precious Log:
 CPUs: 4 total, 4 available
 Memory: 8104M
 Large Page Support: Disabled
 NUMA Support: Disabled
 Compressed Oops: Enabled (32-bit)
 Heap Region Size: 1M
 Heap Min Capacity: 8M
 Heap Initial Capacity: 128M
 Heap Max Capacity: 2G
 Pre-touch: Disabled
 Parallel Workers: 4
 Concurrent Workers: 1
 Concurrent Refinement Workers: 4
 Periodic GC: Disabled
Heap:
 garbage-first heap   total 140288K, used 78594K [0x0000000080000000, 0x0000000100000000)
  region size 1024K, 1 young (1024K), 1 survivors (1024K)
 Metaspace       used 89129K, committed 89792K, reserved 1130496K
  class space    used 12182K, committed 12480K, reserved 1048576K
GC Heap History (20 events):
Event: 26.599 GC heap after
{Heap after GC invocations=36 (full 0):
 garbage-first heap   total 111616K, used 55406K [0x0000000080000000, 0x0000000100000000)
  region size 1024K, 2 young (2048K), 2 survivors (2048K)
 Metaspace       used 71921K, committed 72448K, reserved 1114112K
  class space    used 9539K, committed 9792K, reserved 1048576K
}
Event: 27.391 GC heap before
{Heap before GC invocations=37 (full 0):
 garbage-first heap   total 111616K, used 82030K [0x0000000080000000, 0x0000000100000000)
  region size 1024K, 28 young (28672K), 2 survivors (2048K)
 Metaspace       used 72825K, committed 73472K, reserved 1114112K
  class space    used 9669K, committed 9984K, reserved 1048576K
}
Event: 27.404 GC heap after
{Heap after GC invocations=38 (full 0):
 garbage-first heap   total 111616K, used 59883K [0x0000000080000000, 0x0000000100000000)
  region size 1024K, 4 young (4096K), 4 survivors (4096K)
 Metaspace       used 72825K, committed 73472K, reserved 1114112K
  class space    used 9669K, committed 9984K, reserved 1048576K
}
Event: 28.155 GC heap before
{Heap before GC invocations=38 (full 0):
 garbage-first heap   total 111616K, used 83435K [0x0000000080000000, 0x0000000100000000)
  region size 1024K, 28 young (28672K), 4 survivors (4096K)
 Metaspace       used 74748K, committed 75392K, reserved 1122304K
  class space    used 9936K, committed 10240K, reserved 1048576K
}
Event: 28.166 GC heap after
{Heap after GC invocations=39 (full 0):
 garbage-first heap   total 111616K, used 62314K [0x0000000080000000, 0x0000000100000000)
  region size 1024K, 3 young (3072K), 3 survivors (3072K)
 Metaspace       used 74748K, committed 75392K, reserved 1122304K
  class space    used 9936K, committed 10240K, reserved 1048576K
}
Event: 28.958 GC heap before
{Heap before GC invocations=40 (full 0):
 garbage-first heap   total 116736K, used 86890K [0x0000000080000000, 0x0000000100000000)
  region size 1024K, 26 young (26624K), 3 survivors (3072K)
 Metaspace       used 77584K, committed 78272K, reserved 1122304K
  class space    used 10499K, committed 10816K, reserved 1048576K
}
Event: 28.969 GC heap after
{Heap after GC invocations=41 (full 0):
 garbage-first heap   total 116736K, used 63299K [0x0000000080000000, 0x0000000100000000)
  region size 1024K, 2 young (2048K), 2 survivors (2048K)
 Metaspace       used 77584K, committed 78272K, reserved 1122304K
  class space    used 10499K, committed 10816K, reserved 1048576K
}
Event: 29.086 GC heap before
{Heap before GC invocations=41 (full 0):
 garbage-first heap   total 116736K, used 66371K [0x0000000080000000, 0x0000000100000000)
  region size 1024K, 5 young (5120K), 2 survivors (2048K)
 Metaspace       used 78002K, committed 78656K, reserved 1122304K
  class space    used 10570K, committed 10880K, reserved 1048576K
}
Event: 29.090 GC heap after
{Heap after GC invocations=42 (full 0):
 garbage-first heap   total 140288K, used 63010K [0x0000000080000000, 0x0000000100000000)
  region size 1024K, 1 young (1024K), 1 survivors (1024K)
 Metaspace       used 78002K, committed 78656K, reserved 1122304K
  class space    used 10570K, committed 10880K, reserved 1048576K
}
Event: 29.789 GC heap before
{Heap before GC invocations=42 (full 0):
 garbage-first heap   total 140288K, used 103970K [0x0000000080000000, 0x0000000100000000)
  region size 1024K, 41 young (41984K), 1 survivors (1024K)
 Metaspace       used 80114K, committed 80768K, reserved 1122304K
  class space    used 10872K, committed 11200K, reserved 1048576K
}
Event: 29.798 GC heap after
{Heap after GC invocations=43 (full 0):
 garbage-first heap   total 140288K, used 66174K [0x0000000080000000, 0x0000000100000000)
  region size 1024K, 4 young (4096K), 4 survivors (4096K)
 Metaspace       used 80114K, committed 80768K, reserved 1122304K
  class space    used 10872K, committed 11200K, reserved 1048576K
}
Event: 30.790 GC heap before
{Heap before GC invocations=44 (full 0):
 garbage-first heap   total 140288K, used 107134K [0x0000000080000000, 0x0000000100000000)
  region size 1024K, 44 young (45056K), 4 survivors (4096K)
 Metaspace       used 82979K, committed 83584K, reserved 1122304K
  class space    used 11300K, committed 11584K, reserved 1048576K
}
Event: 30.803 GC heap after
{Heap after GC invocations=45 (full 0):
 garbage-first heap   total 140288K, used 69780K [0x0000000080000000, 0x0000000100000000)
  region size 1024K, 4 young (4096K), 4 survivors (4096K)
 Metaspace       used 82979K, committed 83584K, reserved 1122304K
  class space    used 11300K, committed 11584K, reserved 1048576K
}
Event: 30.838 GC heap before
{Heap before GC invocations=45 (full 0):
 garbage-first heap   total 140288K, used 71828K [0x0000000080000000, 0x0000000100000000)
  region size 1024K, 6 young (6144K), 4 survivors (4096K)
 Metaspace       used 83101K, committed 83776K, reserved 1122304K
  class space    used 11319K, committed 11648K, reserved 1048576K
}
Event: 30.847 GC heap after
{Heap after GC invocations=46 (full 0):
 garbage-first heap   total 140288K, used 70026K [0x0000000080000000, 0x0000000100000000)
  region size 1024K, 1 young (1024K), 1 survivors (1024K)
 Metaspace       used 83101K, committed 83776K, reserved 1122304K
  class space    used 11319K, committed 11648K, reserved 1048576K
}
Event: 32.096 GC heap before
{Heap before GC invocations=46 (full 0):
 garbage-first heap   total 140288K, used 109962K [0x0000000080000000, 0x0000000100000000)
  region size 1024K, 40 young (40960K), 1 survivors (1024K)
 Metaspace       used 87930K, committed 88640K, reserved 1130496K
  class space    used 12019K, committed 12352K, reserved 1048576K
}
Event: 32.106 GC heap after
{Heap after GC invocations=47 (full 0):
 garbage-first heap   total 140288K, used 72886K [0x0000000080000000, 0x0000000100000000)
  region size 1024K, 4 young (4096K), 4 survivors (4096K)
 Metaspace       used 87930K, committed 88640K, reserved 1130496K
  class space    used 12019K, committed 12352K, reserved 1048576K
}
Event: 32.974 GC heap before
{Heap before GC invocations=48 (full 0):
 garbage-first heap   total 140288K, used 111798K [0x0000000080000000, 0x0000000100000000)
  region size 1024K, 42 young (43008K), 4 survivors (4096K)
 Metaspace       used 89127K, committed 89792K, reserved 1130496K
  class space    used 12182K, committed 12480K, reserved 1048576K
}
Event: 32.996 GC heap after
{Heap after GC invocations=49 (full 0):
 garbage-first heap   total 140288K, used 78294K [0x0000000080000000, 0x0000000100000000)
  region size 1024K, 6 young (6144K), 6 survivors (6144K)
 Metaspace       used 89127K, committed 89792K, reserved 1130496K
  class space    used 12182K, committed 12480K, reserved 1048576K
}
Event: 33.025 GC heap before
{Heap before GC invocations=49 (full 0):
 garbage-first heap   total 140288K, used 79318K [0x0000000080000000, 0x0000000100000000)
  region size 1024K, 7 young (7168K), 6 survivors (6144K)
 Metaspace       used 89129K, committed 89792K, reserved 1130496K
  class space    used 12182K, committed 12480K, reserved 1048576K
}

