# JRE version: OpenJDK Runtime Environment (17.0.6) (build 17.0.6+0-b2043.56-10027231)
# Java VM: OpenJDK 64-Bit Server VM (17.0.6+0-b2043.56-10027231, mixed mode, tiered, compressed oops, compressed class ptrs, g1 gc, windows-amd64)
GC Precious Log:
 CPUs: 4 total, 4 available
 Memory: 8104M
 Large Page Support: Disabled
 NUMA Support: Disabled
 Compressed Oops: Enabled (32-bit)
 Heap Region Size: 1M
 Heap Min Capacity: 8M
 Heap Initial Capacity: 128M
 Heap Max Capacity: 2G
 Pre-touch: Disabled
 Parallel Workers: 4
 Concurrent Workers: 1
 Concurrent Refinement Workers: 4
 Periodic GC: Disabled
Heap:
 garbage-first heap   total 311296K, used 185344K [0x0000000080000000, 0x0000000100000000)
  region size 1024K, 2 young (2048K), 2 survivors (2048K)
 Metaspace       used 144589K, committed 146176K, reserved 1179648K
  class space    used 19584K, committed 20224K, reserved 1048576K
GC Heap History (20 events):
Event: 5086.237 GC heap after
{Heap after GC invocations=62 (full 0):
 garbage-first heap   total 231424K, used 174576K [0x0000000080000000, 0x0000000100000000)
  region size 1024K, 3 young (3072K), 3 survivors (3072K)
 Metaspace       used 132027K, committed 133056K, reserved 1171456K
  class space    used 17596K, committed 18112K, reserved 1048576K
}
Event: 5088.339 GC heap before
{Heap before GC invocations=62 (full 0):
 garbage-first heap   total 231424K, used 194032K [0x0000000080000000, 0x0000000100000000)
  region size 1024K, 23 young (23552K), 3 survivors (3072K)
 Metaspace       used 132213K, committed 133248K, reserved 1171456K
  class space    used 17621K, committed 18112K, reserved 1048576K
}
Event: 5088.350 GC heap after
{Heap after GC invocations=63 (full 0):
 garbage-first heap   total 231424K, used 176479K [0x0000000080000000, 0x0000000100000000)
  region size 1024K, 2 young (2048K), 2 survivors (2048K)
 Metaspace       used 132213K, committed 133248K, reserved 1171456K
  class space    used 17621K, committed 18112K, reserved 1048576K
}
Event: 5089.416 GC heap before
{Heap before GC invocations=63 (full 0):
 garbage-first heap   total 231424K, used 196959K [0x0000000080000000, 0x0000000100000000)
  region size 1024K, 22 young (22528K), 2 survivors (2048K)
 Metaspace       used 135842K, committed 136896K, reserved 1171456K
  class space    used 18545K, committed 19072K, reserved 1048576K
}
Event: 5089.428 GC heap after
{Heap after GC invocations=64 (full 0):
 garbage-first heap   total 231424K, used 177997K [0x0000000080000000, 0x0000000100000000)
  region size 1024K, 2 young (2048K), 2 survivors (2048K)
 Metaspace       used 135842K, committed 136896K, reserved 1171456K
  class space    used 18545K, committed 19072K, reserved 1048576K
}
Event: 5090.805 GC heap before
{Heap before GC invocations=64 (full 0):
 garbage-first heap   total 231424K, used 197453K [0x0000000080000000, 0x0000000100000000)
  region size 1024K, 22 young (22528K), 2 survivors (2048K)
 Metaspace       used 138860K, committed 139904K, reserved 1171456K
  class space    used 18923K, committed 19456K, reserved 1048576K
}
Event: 5090.810 GC heap after
{Heap after GC invocations=65 (full 0):
 garbage-first heap   total 231424K, used 178407K [0x0000000080000000, 0x0000000100000000)
  region size 1024K, 2 young (2048K), 2 survivors (2048K)
 Metaspace       used 138860K, committed 139904K, reserved 1171456K
  class space    used 18923K, committed 19456K, reserved 1048576K
}
Event: 5091.599 GC heap before
{Heap before GC invocations=65 (full 0):
 garbage-first heap   total 231424K, used 204007K [0x0000000080000000, 0x0000000100000000)
  region size 1024K, 23 young (23552K), 2 survivors (2048K)
 Metaspace       used 141556K, committed 142592K, reserved 1179648K
  class space    used 19226K, committed 19776K, reserved 1048576K
}
Event: 5091.606 GC heap after
{Heap after GC invocations=66 (full 0):
 garbage-first heap   total 231424K, used 183029K [0x0000000080000000, 0x0000000100000000)
  region size 1024K, 2 young (2048K), 2 survivors (2048K)
 Metaspace       used 141556K, committed 142592K, reserved 1179648K
  class space    used 19226K, committed 19776K, reserved 1048576K
}
Event: 5092.536 GC heap before
{Heap before GC invocations=66 (full 0):
 garbage-first heap   total 231424K, used 200437K [0x0000000080000000, 0x0000000100000000)
  region size 1024K, 20 young (20480K), 2 survivors (2048K)
 Metaspace       used 144715K, committed 145792K, reserved 1179648K
  class space    used 19660K, committed 20160K, reserved 1048576K
}
Event: 5092.541 GC heap after
{Heap after GC invocations=67 (full 0):
 garbage-first heap   total 231424K, used 183813K [0x0000000080000000, 0x0000000100000000)
  region size 1024K, 2 young (2048K), 2 survivors (2048K)
 Metaspace       used 144715K, committed 145792K, reserved 1179648K
  class space    used 19660K, committed 20160K, reserved 1048576K
}
Event: 5092.586 GC heap before
{Heap before GC invocations=67 (full 0):
 garbage-first heap   total 231424K, used 183813K [0x0000000080000000, 0x0000000100000000)
  region size 1024K, 3 young (3072K), 2 survivors (2048K)
 Metaspace       used 144894K, committed 145984K, reserved 1179648K
  class space    used 19682K, committed 20224K, reserved 1048576K
}
Event: 5092.593 GC heap after
{Heap after GC invocations=68 (full 0):
 garbage-first heap   total 231424K, used 183863K [0x0000000080000000, 0x0000000100000000)
  region size 1024K, 2 young (2048K), 2 survivors (2048K)
 Metaspace       used 144894K, committed 145984K, reserved 1179648K
  class space    used 19682K, committed 20224K, reserved 1048576K
}
Event: 5092.809 GC heap before
{Heap before GC invocations=68 (full 0):
 garbage-first heap   total 231424K, used 207415K [0x0000000080000000, 0x0000000100000000)
  region size 1024K, 20 young (20480K), 2 survivors (2048K)
 Metaspace       used 144957K, committed 146048K, reserved 1179648K
  class space    used 19686K, committed 20224K, reserved 1048576K
}
Event: 5092.822 GC heap after
{Heap after GC invocations=69 (full 0):
 garbage-first heap   total 231424K, used 195316K [0x0000000080000000, 0x0000000100000000)
  region size 1024K, 3 young (3072K), 3 survivors (3072K)
 Metaspace       used 144957K, committed 146048K, reserved 1179648K
  class space    used 19686K, committed 20224K, reserved 1048576K
}
Event: 5093.053 GC heap before
{Heap before GC invocations=69 (full 0):
 garbage-first heap   total 231424K, used 202484K [0x0000000080000000, 0x0000000100000000)
  region size 1024K, 11 young (11264K), 3 survivors (3072K)
 Metaspace       used 145076K, committed 146176K, reserved 1179648K
  class space    used 19691K, committed 20224K, reserved 1048576K
}
Event: 5093.070 GC heap after
{Heap after GC invocations=70 (full 0):
 garbage-first heap   total 231424K, used 198623K [0x0000000080000000, 0x0000000100000000)
  region size 1024K, 2 young (2048K), 2 survivors (2048K)
 Metaspace       used 145076K, committed 146176K, reserved 1179648K
  class space    used 19691K, committed 20224K, reserved 1048576K
}
Event: 5093.580 GC heap before
{Heap before GC invocations=70 (full 0):
 garbage-first heap   total 231424K, used 207839K [0x0000000080000000, 0x0000000100000000)
  region size 1024K, 11 young (11264K), 2 survivors (2048K)
 Metaspace       used 145115K, committed 146176K, reserved 1179648K
  class space    used 19691K, committed 20224K, reserved 1048576K
}
Event: 5093.596 GC heap after
{Heap after GC invocations=71 (full 0):
 garbage-first heap   total 231424K, used 195574K [0x0000000080000000, 0x0000000100000000)
  region size 1024K, 2 young (2048K), 2 survivors (2048K)
 Metaspace       used 145115K, committed 146176K, reserved 1179648K
  class space    used 19691K, committed 20224K, reserved 1048576K
}
Event: 5093.847 GC heap before
{Heap before GC invocations=71 (full 0):
 garbage-first heap   total 311296K, used 191478K [0x0000000080000000, 0x0000000100000000)
  region size 1024K, 11 young (11264K), 2 survivors (2048K)
 Metaspace       used 144589K, committed 146176K, reserved 1179648K
  class space    used 19584K, committed 20224K, reserved 1048576K
}

