# JRE version: OpenJDK Runtime Environment (17.0.6) (build 17.0.6+0-b2043.56-10027231)
# Java VM: OpenJDK 64-Bit Server VM (17.0.6+0-b2043.56-10027231, mixed mode, tiered, compressed oops, compressed class ptrs, g1 gc, windows-amd64)
GC Precious Log:
 CPUs: 4 total, 4 available
 Memory: 8104M
 Large Page Support: Disabled
 NUMA Support: Disabled
 Compressed Oops: Enabled (32-bit)
 Heap Region Size: 1M
 Heap Min Capacity: 8M
 Heap Initial Capacity: 128M
 Heap Max Capacity: 2G
 Pre-touch: Disabled
 Parallel Workers: 4
 Concurrent Workers: 1
 Concurrent Refinement Workers: 4
 Periodic GC: Disabled
Heap:
 garbage-first heap   total 208896K, used 174591K [0x0000000080000000, 0x0000000100000000)
  region size 1024K, 6 young (6144K), 4 survivors (4096K)
 Metaspace       used 110738K, committed 111552K, reserved 1146880K
  class space    used 14743K, committed 15104K, reserved 1048576K
GC Heap History (20 events):
Event: 163.321 GC heap before
{Heap before GC invocations=76 (full 0):
 garbage-first heap   total 208896K, used 164065K [0x0000000080000000, 0x0000000100000000)
  region size 1024K, 57 young (58368K), 2 survivors (2048K)
 Metaspace       used 106920K, committed 107712K, reserved 1146880K
  class space    used 14309K, committed 14720K, reserved 1048576K
}
Event: 163.336 GC heap after
{Heap after GC invocations=77 (full 0):
 garbage-first heap   total 208896K, used 114071K [0x0000000080000000, 0x0000000100000000)
  region size 1024K, 8 young (8192K), 8 survivors (8192K)
 Metaspace       used 106920K, committed 107712K, reserved 1146880K
  class space    used 14309K, committed 14720K, reserved 1048576K
}
Event: 177.928 GC heap before
{Heap before GC invocations=77 (full 0):
 garbage-first heap   total 208896K, used 164247K [0x0000000080000000, 0x0000000100000000)
  region size 1024K, 58 young (59392K), 8 survivors (8192K)
 Metaspace       used 107065K, committed 107904K, reserved 1146880K
  class space    used 14327K, committed 14720K, reserved 1048576K
}
Event: 177.945 GC heap after
{Heap after GC invocations=78 (full 0):
 garbage-first heap   total 208896K, used 116644K [0x0000000080000000, 0x0000000100000000)
  region size 1024K, 5 young (5120K), 5 survivors (5120K)
 Metaspace       used 107065K, committed 107904K, reserved 1146880K
  class space    used 14327K, committed 14720K, reserved 1048576K
}
Event: 182.817 GC heap before
{Heap before GC invocations=78 (full 0):
 garbage-first heap   total 208896K, used 166820K [0x0000000080000000, 0x0000000100000000)
  region size 1024K, 55 young (56320K), 5 survivors (5120K)
 Metaspace       used 107101K, committed 107904K, reserved 1146880K
  class space    used 14327K, committed 14720K, reserved 1048576K
}
Event: 182.837 GC heap after
{Heap after GC invocations=79 (full 0):
 garbage-first heap   total 208896K, used 119420K [0x0000000080000000, 0x0000000100000000)
  region size 1024K, 5 young (5120K), 5 survivors (5120K)
 Metaspace       used 107101K, committed 107904K, reserved 1146880K
  class space    used 14327K, committed 14720K, reserved 1048576K
}
Event: 222.176 GC heap before
{Heap before GC invocations=79 (full 0):
 garbage-first heap   total 208896K, used 168572K [0x0000000080000000, 0x0000000100000000)
  region size 1024K, 54 young (55296K), 5 survivors (5120K)
 Metaspace       used 107485K, committed 108224K, reserved 1146880K
  class space    used 14355K, committed 14720K, reserved 1048576K
}
Event: 222.198 GC heap after
{Heap after GC invocations=80 (full 0):
 garbage-first heap   total 208896K, used 126419K [0x0000000080000000, 0x0000000100000000)
  region size 1024K, 7 young (7168K), 7 survivors (7168K)
 Metaspace       used 107485K, committed 108224K, reserved 1146880K
  class space    used 14355K, committed 14720K, reserved 1048576K
}
Event: 226.223 GC heap before
{Heap before GC invocations=80 (full 0):
 garbage-first heap   total 208896K, used 169427K [0x0000000080000000, 0x0000000100000000)
  region size 1024K, 50 young (51200K), 7 survivors (7168K)
 Metaspace       used 107627K, committed 108416K, reserved 1146880K
  class space    used 14369K, committed 14784K, reserved 1048576K
}
Event: 226.244 GC heap after
{Heap after GC invocations=81 (full 0):
 garbage-first heap   total 208896K, used 128180K [0x0000000080000000, 0x0000000100000000)
  region size 1024K, 4 young (4096K), 4 survivors (4096K)
 Metaspace       used 107627K, committed 108416K, reserved 1146880K
  class space    used 14369K, committed 14784K, reserved 1048576K
}
Event: 229.284 GC heap before
{Heap before GC invocations=81 (full 0):
 garbage-first heap   total 208896K, used 158900K [0x0000000080000000, 0x0000000100000000)
  region size 1024K, 20 young (20480K), 4 survivors (4096K)
 Metaspace       used 109039K, committed 109824K, reserved 1146880K
  class space    used 14567K, committed 14912K, reserved 1048576K
}
Event: 229.297 GC heap after
{Heap after GC invocations=82 (full 0):
 garbage-first heap   total 208896K, used 140113K [0x0000000080000000, 0x0000000100000000)
  region size 1024K, 2 young (2048K), 2 survivors (2048K)
 Metaspace       used 109039K, committed 109824K, reserved 1146880K
  class space    used 14567K, committed 14912K, reserved 1048576K
}
Event: 345.808 GC heap before
{Heap before GC invocations=82 (full 0):
 garbage-first heap   total 208896K, used 184145K [0x0000000080000000, 0x0000000100000000)
  region size 1024K, 37 young (37888K), 2 survivors (2048K)
 Metaspace       used 110165K, committed 110976K, reserved 1146880K
  class space    used 14725K, committed 15104K, reserved 1048576K
}
Event: 345.819 GC heap after
{Heap after GC invocations=83 (full 0):
 garbage-first heap   total 208896K, used 131235K [0x0000000080000000, 0x0000000100000000)
  region size 1024K, 4 young (4096K), 4 survivors (4096K)
 Metaspace       used 110165K, committed 110976K, reserved 1146880K
  class space    used 14725K, committed 15104K, reserved 1048576K
}
Event: 350.721 GC heap before
{Heap before GC invocations=83 (full 0):
 garbage-first heap   total 208896K, used 174243K [0x0000000080000000, 0x0000000100000000)
  region size 1024K, 46 young (47104K), 4 survivors (4096K)
 Metaspace       used 110625K, committed 111424K, reserved 1146880K
  class space    used 14742K, committed 15104K, reserved 1048576K
}
Event: 350.742 GC heap after
{Heap after GC invocations=84 (full 0):
 garbage-first heap   total 208896K, used 136503K [0x0000000080000000, 0x0000000100000000)
  region size 1024K, 6 young (6144K), 6 survivors (6144K)
 Metaspace       used 110625K, committed 111424K, reserved 1146880K
  class space    used 14742K, committed 15104K, reserved 1048576K
}
Event: 352.049 GC heap before
{Heap before GC invocations=84 (full 0):
 garbage-first heap   total 208896K, used 175415K [0x0000000080000000, 0x0000000100000000)
  region size 1024K, 42 young (43008K), 6 survivors (6144K)
 Metaspace       used 110667K, committed 111488K, reserved 1146880K
  class space    used 14742K, committed 15104K, reserved 1048576K
}
Event: 352.087 GC heap after
{Heap after GC invocations=85 (full 0):
 garbage-first heap   total 208896K, used 154301K [0x0000000080000000, 0x0000000100000000)
  region size 1024K, 6 young (6144K), 6 survivors (6144K)
 Metaspace       used 110667K, committed 111488K, reserved 1146880K
  class space    used 14742K, committed 15104K, reserved 1048576K
}
Event: 352.727 GC heap before
{Heap before GC invocations=85 (full 0):
 garbage-first heap   total 208896K, used 174781K [0x0000000080000000, 0x0000000100000000)
  region size 1024K, 19 young (19456K), 6 survivors (6144K)
 Metaspace       used 110716K, committed 111488K, reserved 1146880K
  class space    used 14742K, committed 15104K, reserved 1048576K
}
Event: 352.750 GC heap after
{Heap after GC invocations=86 (full 0):
 garbage-first heap   total 208896K, used 167423K [0x0000000080000000, 0x0000000100000000)
  region size 1024K, 4 young (4096K), 4 survivors (4096K)
 Metaspace       used 110716K, committed 111488K, reserved 1146880K
  class space    used 14742K, committed 15104K, reserved 1048576K
}

