# JRE version: OpenJDK Runtime Environment (17.0.6) (build 17.0.6+0-b2043.56-10027231)
# Java VM: OpenJDK 64-Bit Server VM (17.0.6+0-b2043.56-10027231, mixed mode, tiered, compressed oops, compressed class ptrs, g1 gc, windows-amd64)
GC Precious Log:
 CPUs: 4 total, 4 available
 Memory: 8104M
 Large Page Support: Disabled
 NUMA Support: Disabled
 Compressed Oops: Enabled (32-bit)
 Heap Region Size: 1M
 Heap Min Capacity: 8M
 Heap Initial Capacity: 128M
 Heap Max Capacity: 2G
 Pre-touch: Disabled
 Parallel Workers: 4
 Concurrent Workers: 1
 Concurrent Refinement Workers: 4
 Periodic GC: Disabled
Heap:
 garbage-first heap   total 547840K, used 142812K [0x0000000080000000, 0x0000000100000000)
  region size 1024K, 3 young (3072K), 3 survivors (3072K)
 Metaspace       used 122921K, committed 124544K, reserved 1163264K
  class space    used 16107K, committed 16704K, reserved 1048576K
GC Heap History (20 events):
Event: 1346.461 GC heap after
{Heap after GC invocations=100 (full 0):
 garbage-first heap   total 547840K, used 198987K [0x0000000080000000, 0x0000000100000000)
  region size 1024K, 15 young (15360K), 15 survivors (15360K)
 Metaspace       used 129025K, committed 129984K, reserved 1163264K
  class space    used 16891K, committed 17344K, reserved 1048576K
}
Event: 2327.431 GC heap before
{Heap before GC invocations=101 (full 0):
 garbage-first heap   total 547840K, used 462155K [0x0000000080000000, 0x0000000100000000)
  region size 1024K, 215 young (220160K), 15 survivors (15360K)
 Metaspace       used 129433K, committed 130368K, reserved 1163264K
  class space    used 16906K, committed 17344K, reserved 1048576K
}
Event: 2327.453 GC heap after
{Heap after GC invocations=102 (full 0):
 garbage-first heap   total 547840K, used 185838K [0x0000000080000000, 0x0000000100000000)
  region size 1024K, 5 young (5120K), 5 survivors (5120K)
 Metaspace       used 129433K, committed 130368K, reserved 1163264K
  class space    used 16906K, committed 17344K, reserved 1048576K
}
Event: 3384.241 GC heap before
{Heap before GC invocations=102 (full 0):
 garbage-first heap   total 547840K, used 206318K [0x0000000080000000, 0x0000000100000000)
  region size 1024K, 26 young (26624K), 5 survivors (5120K)
 Metaspace       used 129467K, committed 130432K, reserved 1163264K
  class space    used 16906K, committed 17344K, reserved 1048576K
}
Event: 3385.323 GC heap after
{Heap after GC invocations=103 (full 0):
 garbage-first heap   total 547840K, used 154777K [0x0000000080000000, 0x0000000100000000)
  region size 1024K, 2 young (2048K), 2 survivors (2048K)
 Metaspace       used 129467K, committed 130432K, reserved 1163264K
  class space    used 16906K, committed 17344K, reserved 1048576K
}
Event: 4535.924 GC heap before
{Heap before GC invocations=103 (full 0):
 garbage-first heap   total 547840K, used 188569K [0x0000000080000000, 0x0000000100000000)
  region size 1024K, 35 young (35840K), 2 survivors (2048K)
 Metaspace       used 129515K, committed 130496K, reserved 1163264K
  class space    used 16911K, committed 17344K, reserved 1048576K
}
Event: 4536.882 GC heap after
{Heap after GC invocations=104 (full 0):
 garbage-first heap   total 547840K, used 154871K [0x0000000080000000, 0x0000000100000000)
  region size 1024K, 2 young (2048K), 2 survivors (2048K)
 Metaspace       used 129515K, committed 130496K, reserved 1163264K
  class space    used 16911K, committed 17344K, reserved 1048576K
}
Event: 4561.380 GC heap before
{Heap before GC invocations=105 (full 0):
 garbage-first heap   total 547840K, used 174327K [0x0000000080000000, 0x0000000100000000)
  region size 1024K, 26 young (26624K), 2 survivors (2048K)
 Metaspace       used 122653K, committed 124480K, reserved 1163264K
  class space    used 16081K, committed 16704K, reserved 1048576K
}
Event: 4561.398 GC heap after
{Heap after GC invocations=106 (full 0):
 garbage-first heap   total 547840K, used 153240K [0x0000000080000000, 0x0000000100000000)
  region size 1024K, 4 young (4096K), 4 survivors (4096K)
 Metaspace       used 122653K, committed 124480K, reserved 1163264K
  class space    used 16081K, committed 16704K, reserved 1048576K
}
Event: 4562.080 GC heap before
{Heap before GC invocations=106 (full 0):
 garbage-first heap   total 547840K, used 175768K [0x0000000080000000, 0x0000000100000000)
  region size 1024K, 26 young (26624K), 4 survivors (4096K)
 Metaspace       used 122697K, committed 124480K, reserved 1163264K
  class space    used 16085K, committed 16704K, reserved 1048576K
}
Event: 4562.144 GC heap after
{Heap after GC invocations=107 (full 0):
 garbage-first heap   total 547840K, used 149905K [0x0000000080000000, 0x0000000100000000)
  region size 1024K, 2 young (2048K), 2 survivors (2048K)
 Metaspace       used 122697K, committed 124480K, reserved 1163264K
  class space    used 16085K, committed 16704K, reserved 1048576K
}
Event: 4562.723 GC heap before
{Heap before GC invocations=107 (full 0):
 garbage-first heap   total 547840K, used 174481K [0x0000000080000000, 0x0000000100000000)
  region size 1024K, 26 young (26624K), 2 survivors (2048K)
 Metaspace       used 122760K, committed 124544K, reserved 1163264K
  class space    used 16090K, committed 16704K, reserved 1048576K
}
Event: 4562.816 GC heap after
{Heap after GC invocations=108 (full 0):
 garbage-first heap   total 547840K, used 148410K [0x0000000080000000, 0x0000000100000000)
  region size 1024K, 4 young (4096K), 4 survivors (4096K)
 Metaspace       used 122760K, committed 124544K, reserved 1163264K
  class space    used 16090K, committed 16704K, reserved 1048576K
}
Event: 4562.990 GC heap before
{Heap before GC invocations=108 (full 0):
 garbage-first heap   total 547840K, used 170938K [0x0000000080000000, 0x0000000100000000)
  region size 1024K, 26 young (26624K), 4 survivors (4096K)
 Metaspace       used 122802K, committed 124544K, reserved 1163264K
  class space    used 16098K, committed 16704K, reserved 1048576K
}
Event: 4563.703 GC heap after
{Heap after GC invocations=109 (full 0):
 garbage-first heap   total 547840K, used 146686K [0x0000000080000000, 0x0000000100000000)
  region size 1024K, 2 young (2048K), 2 survivors (2048K)
 Metaspace       used 122802K, committed 124544K, reserved 1163264K
  class space    used 16098K, committed 16704K, reserved 1048576K
}
Event: 4564.373 GC heap before
{Heap before GC invocations=109 (full 0):
 garbage-first heap   total 547840K, used 171262K [0x0000000080000000, 0x0000000100000000)
  region size 1024K, 26 young (26624K), 2 survivors (2048K)
 Metaspace       used 122906K, committed 124544K, reserved 1163264K
  class space    used 16106K, committed 16704K, reserved 1048576K
}
Event: 4564.421 GC heap after
{Heap after GC invocations=110 (full 0):
 garbage-first heap   total 547840K, used 146282K [0x0000000080000000, 0x0000000100000000)
  region size 1024K, 4 young (4096K), 4 survivors (4096K)
 Metaspace       used 122906K, committed 124544K, reserved 1163264K
  class space    used 16106K, committed 16704K, reserved 1048576K
}
Event: 4564.546 GC heap before
{Heap before GC invocations=110 (full 0):
 garbage-first heap   total 547840K, used 168810K [0x0000000080000000, 0x0000000100000000)
  region size 1024K, 26 young (26624K), 4 survivors (4096K)
 Metaspace       used 122920K, committed 124544K, reserved 1163264K
  class space    used 16107K, committed 16704K, reserved 1048576K
}
Event: 4564.640 GC heap after
{Heap after GC invocations=111 (full 0):
 garbage-first heap   total 547840K, used 144318K [0x0000000080000000, 0x0000000100000000)
  region size 1024K, 2 young (2048K), 2 survivors (2048K)
 Metaspace       used 122920K, committed 124544K, reserved 1163264K
  class space    used 16107K, committed 16704K, reserved 1048576K
}
Event: 4564.805 GC heap before
{Heap before GC invocations=111 (full 0):
 garbage-first heap   total 547840K, used 168894K [0x0000000080000000, 0x0000000100000000)
  region size 1024K, 26 young (26624K), 2 survivors (2048K)
 Metaspace       used 122921K, committed 124544K, reserved 1163264K
  class space    used 16107K, committed 16704K, reserved 1048576K
}

